[0.477s] Invoking command in '/home/leialc/manchester2_ws/src/puzzlebot': PYTHONPATH=/home/leialc/manchester2_ws/build/puzzlebot/prefix_override:/usr/lib/python3/dist-packages/colcon_core/task/python/colcon_distutils_commands:/home/leialc/manchester2_ws/install/puzzlebot/lib/python3.10/site-packages:${PYTHONPATH} /usr/bin/python3 -W ignore:setup.py install is deprecated -W ignore:easy_install command is deprecated setup.py egg_info --egg-base ../../build/puzzlebot build --build-base /home/leialc/manchester2_ws/build/puzzlebot/build install --record /home/leialc/manchester2_ws/build/puzzlebot/install.log --single-version-externally-managed install_data
[0.668s] running egg_info
[0.668s] writing ../../build/puzzlebot/puzzlebot.egg-info/PKG-INFO
[0.668s] writing dependency_links to ../../build/puzzlebot/puzzlebot.egg-info/dependency_links.txt
[0.668s] writing entry points to ../../build/puzzlebot/puzzlebot.egg-info/entry_points.txt
[0.668s] writing requirements to ../../build/puzzlebot/puzzlebot.egg-info/requires.txt
[0.668s] writing top-level names to ../../build/puzzlebot/puzzlebot.egg-info/top_level.txt
[0.670s] reading manifest file '../../build/puzzlebot/puzzlebot.egg-info/SOURCES.txt'
[0.670s] writing manifest file '../../build/puzzlebot/puzzlebot.egg-info/SOURCES.txt'
[0.670s] running build
[0.671s] running build_py
[0.671s] copying puzzlebot/path_subscriber.py -> /home/leialc/manchester2_ws/build/puzzlebot/build/lib/puzzlebot
[0.671s] running install
[0.671s] running install_lib
[0.672s] copying /home/leialc/manchester2_ws/build/puzzlebot/build/lib/puzzlebot/path_subscriber.py -> /home/leialc/manchester2_ws/install/puzzlebot/lib/python3.10/site-packages/puzzlebot
[0.672s] byte-compiling /home/leialc/manchester2_ws/install/puzzlebot/lib/python3.10/site-packages/puzzlebot/path_subscriber.py to path_subscriber.cpython-310.pyc
[0.673s] running install_data
[0.673s] running install_egg_info
[0.674s] removing '/home/leialc/manchester2_ws/install/puzzlebot/lib/python3.10/site-packages/puzzlebot-0.0.0-py3.10.egg-info' (and everything under it)
[0.674s] Copying ../../build/puzzlebot/puzzlebot.egg-info to /home/leialc/manchester2_ws/install/puzzlebot/lib/python3.10/site-packages/puzzlebot-0.0.0-py3.10.egg-info
[0.675s] running install_scripts
[0.691s] Installing path_publisher script to /home/leialc/manchester2_ws/install/puzzlebot/lib/puzzlebot
[0.691s] Installing path_subscriber script to /home/leialc/manchester2_ws/install/puzzlebot/lib/puzzlebot
[0.691s] Installing polygon_publisher script to /home/leialc/manchester2_ws/install/puzzlebot/lib/puzzlebot
[0.691s] Installing trayectory_2m script to /home/leialc/manchester2_ws/install/puzzlebot/lib/puzzlebot
[0.691s] Installing trayectory_try script to /home/leialc/manchester2_ws/install/puzzlebot/lib/puzzlebot
[0.692s] writing list of installed files to '/home/leialc/manchester2_ws/build/puzzlebot/install.log'
[0.710s] Invoked command in '/home/leialc/manchester2_ws/src/puzzlebot' returned '0': PYTHONPATH=/home/leialc/manchester2_ws/build/puzzlebot/prefix_override:/usr/lib/python3/dist-packages/colcon_core/task/python/colcon_distutils_commands:/home/leialc/manchester2_ws/install/puzzlebot/lib/python3.10/site-packages:${PYTHONPATH} /usr/bin/python3 -W ignore:setup.py install is deprecated -W ignore:easy_install command is deprecated setup.py egg_info --egg-base ../../build/puzzlebot build --build-base /home/leialc/manchester2_ws/build/puzzlebot/build install --record /home/leialc/manchester2_ws/build/puzzlebot/install.log --single-version-externally-managed install_data
