[0.022s] Invoking command in '/home/leialc/manchester2_ws/build/ros_gz_sim': CMAKE_PREFIX_PATH=${CMAKE_PREFIX_PATH}:/home/leialc/manchester2_ws/install/puzzlebot_ros:/home/leialc/manchester2_ws/install/puzzlebot:/opt/ros/humble /usr/bin/cmake /home/leialc/manchester2_ws/src/ros_gz/ros_gz_sim -DAMENT_CMAKE_SYMLINK_INSTALL=1 -DCMAKE_INSTALL_PREFIX=/home/leialc/manchester2_ws/install/ros_gz_sim
[0.474s] -- Found ament_cmake: 1.3.11 (/opt/ros/humble/share/ament_cmake/cmake)
[0.475s] -- Override CMake install command with custom implementation using symlinks instead of copying resources
[0.475s] -- Found rclcpp: 16.0.11 (/opt/ros/humble/share/rclcpp/cmake)
[0.475s] -- Found rosidl_generator_c: 3.1.6 (/opt/ros/humble/share/rosidl_generator_c/cmake)
[0.475s] -- Found rosidl_adapter: 3.1.6 (/opt/ros/humble/share/rosidl_adapter/cmake)
[0.475s] -- Found rosidl_generator_cpp: 3.1.6 (/opt/ros/humble/share/rosidl_generator_cpp/cmake)
[0.475s] -- Using all available rosidl_typesupport_c: rosidl_typesupport_fastrtps_c;rosidl_typesupport_introspection_c
[0.475s] -- Using all available rosidl_typesupport_cpp: rosidl_typesupport_fastrtps_cpp;rosidl_typesupport_introspection_cpp
[0.475s] -- Found rmw_implementation_cmake: 6.1.2 (/opt/ros/humble/share/rmw_implementation_cmake/cmake)
[0.475s] -- Found rmw_fastrtps_cpp: 6.2.7 (/opt/ros/humble/share/rmw_fastrtps_cpp/cmake)
[0.475s] -- Using RMW implementation 'rmw_fastrtps_cpp' as default
[0.527s] -- Found rclcpp_components: 16.0.11 (/opt/ros/humble/share/rclcpp_components/cmake)
[0.572s] [31mCMake Error at CMakeLists.txt:19 (find_package):
[0.572s]   By not providing "Findgz_math_vendor.cmake" in CMAKE_MODULE_PATH this
[0.572s]   project has asked CMake to find a package configuration file provided by
[0.572s]   "gz_math_vendor", but CMake did not find one.
[0.572s] 
[0.572s]   Could not find a package configuration file provided by "gz_math_vendor"
[0.572s]   with any of the following names:
[0.572s] 
[0.572s]     gz_math_vendorConfig.cmake
[0.572s]     gz_math_vendor-config.cmake
[0.572s] 
[0.572s]   Add the installation prefix of "gz_math_vendor" to CMAKE_PREFIX_PATH or set
[0.573s]   "gz_math_vendor_DIR" to a directory containing one of the above files.  If
[0.573s]   "gz_math_vendor" provides a separate development package or SDK, be sure it
[0.573s]   has been installed.
[0.573s] 
[0.573s] [0m
[0.573s] -- Configuring incomplete, errors occurred!
[0.573s] See also "/home/leialc/manchester2_ws/build/ros_gz_sim/CMakeFiles/CMakeOutput.log".
[0.582s] Invoked command in '/home/leialc/manchester2_ws/build/ros_gz_sim' returned '1': CMAKE_PREFIX_PATH=${CMAKE_PREFIX_PATH}:/home/leialc/manchester2_ws/install/puzzlebot_ros:/home/leialc/manchester2_ws/install/puzzlebot:/opt/ros/humble /usr/bin/cmake /home/leialc/manchester2_ws/src/ros_gz/ros_gz_sim -DAMENT_CMAKE_SYMLINK_INSTALL=1 -DCMAKE_INSTALL_PREFIX=/home/leialc/manchester2_ws/install/ros_gz_sim
