/home/leialc/manchester2_ws/install/puzzlebot/lib/python3.10/site-packages/puzzlebot/trayectory_2m.py
/home/leialc/manchester2_ws/install/puzzlebot/lib/python3.10/site-packages/puzzlebot/polygon_IMU.py
/home/leialc/manchester2_ws/install/puzzlebot/lib/python3.10/site-packages/puzzlebot/polygon_publisher.py
/home/leialc/manchester2_ws/install/puzzlebot/lib/python3.10/site-packages/puzzlebot/__init__.py
/home/leialc/manchester2_ws/install/puzzlebot/lib/python3.10/site-packages/puzzlebot/IMU.py
/home/leialc/manchester2_ws/install/puzzlebot/lib/python3.10/site-packages/puzzlebot/controller.py
/home/leialc/manchester2_ws/install/puzzlebot/lib/python3.10/site-packages/puzzlebot/trayectory_try.py
/home/leialc/manchester2_ws/install/puzzlebot/lib/python3.10/site-packages/puzzlebot/path_subscriber.py
/home/leialc/manchester2_ws/install/puzzlebot/lib/python3.10/site-packages/puzzlebot/path_publisher.py
/home/leialc/manchester2_ws/install/puzzlebot/lib/python3.10/site-packages/puzzlebot/__pycache__/trayectory_2m.cpython-310.pyc
/home/leialc/manchester2_ws/install/puzzlebot/lib/python3.10/site-packages/puzzlebot/__pycache__/polygon_IMU.cpython-310.pyc
/home/leialc/manchester2_ws/install/puzzlebot/lib/python3.10/site-packages/puzzlebot/__pycache__/polygon_publisher.cpython-310.pyc
/home/leialc/manchester2_ws/install/puzzlebot/lib/python3.10/site-packages/puzzlebot/__pycache__/__init__.cpython-310.pyc
/home/leialc/manchester2_ws/install/puzzlebot/lib/python3.10/site-packages/puzzlebot/__pycache__/IMU.cpython-310.pyc
/home/leialc/manchester2_ws/install/puzzlebot/lib/python3.10/site-packages/puzzlebot/__pycache__/controller.cpython-310.pyc
/home/leialc/manchester2_ws/install/puzzlebot/lib/python3.10/site-packages/puzzlebot/__pycache__/trayectory_try.cpython-310.pyc
/home/leialc/manchester2_ws/install/puzzlebot/lib/python3.10/site-packages/puzzlebot/__pycache__/path_subscriber.cpython-310.pyc
/home/leialc/manchester2_ws/install/puzzlebot/lib/python3.10/site-packages/puzzlebot/__pycache__/path_publisher.cpython-310.pyc
/home/leialc/manchester2_ws/install/puzzlebot/share/ament_index/resource_index/packages/puzzlebot
/home/leialc/manchester2_ws/install/puzzlebot/share/puzzlebot/package.xml
/home/leialc/manchester2_ws/install/puzzlebot/lib/python3.10/site-packages/puzzlebot-0.0.0-py3.10.egg-info/dependency_links.txt
/home/leialc/manchester2_ws/install/puzzlebot/lib/python3.10/site-packages/puzzlebot-0.0.0-py3.10.egg-info/requires.txt
/home/leialc/manchester2_ws/install/puzzlebot/lib/python3.10/site-packages/puzzlebot-0.0.0-py3.10.egg-info/top_level.txt
/home/leialc/manchester2_ws/install/puzzlebot/lib/python3.10/site-packages/puzzlebot-0.0.0-py3.10.egg-info/zip-safe
/home/leialc/manchester2_ws/install/puzzlebot/lib/python3.10/site-packages/puzzlebot-0.0.0-py3.10.egg-info/PKG-INFO
/home/leialc/manchester2_ws/install/puzzlebot/lib/python3.10/site-packages/puzzlebot-0.0.0-py3.10.egg-info/entry_points.txt
/home/leialc/manchester2_ws/install/puzzlebot/lib/python3.10/site-packages/puzzlebot-0.0.0-py3.10.egg-info/SOURCES.txt
/home/leialc/manchester2_ws/install/puzzlebot/lib/puzzlebot/controller
/home/leialc/manchester2_ws/install/puzzlebot/lib/puzzlebot/path_publisher
/home/leialc/manchester2_ws/install/puzzlebot/lib/puzzlebot/path_subscriber
/home/leialc/manchester2_ws/install/puzzlebot/lib/puzzlebot/polygon_IMU
/home/leialc/manchester2_ws/install/puzzlebot/lib/puzzlebot/polygon_publisher
/home/leialc/manchester2_ws/install/puzzlebot/lib/puzzlebot/trayectory_2m
/home/leialc/manchester2_ws/install/puzzlebot/lib/puzzlebot/trayectory_try
