[0.467s] Invoking command in '/home/leialc/manchester2_ws/src/puzzlebot': PYTHONPATH=/home/leialc/manchester2_ws/build/puzzlebot/prefix_override:/usr/lib/python3/dist-packages/colcon_core/task/python/colcon_distutils_commands:/home/leialc/manchester2_ws/install/puzzlebot/lib/python3.10/site-packages:${PYTHONPATH} /usr/bin/python3 -W ignore:setup.py install is deprecated -W ignore:easy_install command is deprecated setup.py egg_info --egg-base ../../build/puzzlebot build --build-base /home/leialc/manchester2_ws/build/puzzlebot/build install --record /home/leialc/manchester2_ws/build/puzzlebot/install.log --single-version-externally-managed install_data
[0.655s] running egg_info
[0.655s] writing ../../build/puzzlebot/puzzlebot.egg-info/PKG-INFO
[0.656s] writing dependency_links to ../../build/puzzlebot/puzzlebot.egg-info/dependency_links.txt
[0.656s] writing entry points to ../../build/puzzlebot/puzzlebot.egg-info/entry_points.txt
[0.656s] writing requirements to ../../build/puzzlebot/puzzlebot.egg-info/requires.txt
[0.656s] writing top-level names to ../../build/puzzlebot/puzzlebot.egg-info/top_level.txt
[0.657s] reading manifest file '../../build/puzzlebot/puzzlebot.egg-info/SOURCES.txt'
[0.658s] writing manifest file '../../build/puzzlebot/puzzlebot.egg-info/SOURCES.txt'
[0.658s] running build
[0.659s] running build_py
[0.659s] copying puzzlebot/polygon_publisher.py -> /home/leialc/manchester2_ws/build/puzzlebot/build/lib/puzzlebot
[0.659s] running install
[0.659s] running install_lib
[0.660s] copying /home/leialc/manchester2_ws/build/puzzlebot/build/lib/puzzlebot/polygon_publisher.py -> /home/leialc/manchester2_ws/install/puzzlebot/lib/python3.10/site-packages/puzzlebot
[0.660s] byte-compiling /home/leialc/manchester2_ws/install/puzzlebot/lib/python3.10/site-packages/puzzlebot/polygon_publisher.py to polygon_publisher.cpython-310.pyc
[0.661s] running install_data
[0.662s] running install_egg_info
[0.663s] removing '/home/leialc/manchester2_ws/install/puzzlebot/lib/python3.10/site-packages/puzzlebot-0.0.0-py3.10.egg-info' (and everything under it)
[0.663s] Copying ../../build/puzzlebot/puzzlebot.egg-info to /home/leialc/manchester2_ws/install/puzzlebot/lib/python3.10/site-packages/puzzlebot-0.0.0-py3.10.egg-info
[0.664s] running install_scripts
[0.680s] Installing polygon_publisher script to /home/leialc/manchester2_ws/install/puzzlebot/lib/puzzlebot
[0.680s] Installing trayectory script to /home/leialc/manchester2_ws/install/puzzlebot/lib/puzzlebot
[0.681s] Installing trayectory_try script to /home/leialc/manchester2_ws/install/puzzlebot/lib/puzzlebot
[0.681s] writing list of installed files to '/home/leialc/manchester2_ws/build/puzzlebot/install.log'
[0.699s] Invoked command in '/home/leialc/manchester2_ws/src/puzzlebot' returned '0': PYTHONPATH=/home/leialc/manchester2_ws/build/puzzlebot/prefix_override:/usr/lib/python3/dist-packages/colcon_core/task/python/colcon_distutils_commands:/home/leialc/manchester2_ws/install/puzzlebot/lib/python3.10/site-packages:${PYTHONPATH} /usr/bin/python3 -W ignore:setup.py install is deprecated -W ignore:easy_install command is deprecated setup.py egg_info --egg-base ../../build/puzzlebot build --build-base /home/leialc/manchester2_ws/build/puzzlebot/build install --record /home/leialc/manchester2_ws/build/puzzlebot/install.log --single-version-externally-managed install_data
