running develop
running egg_info
creating puzzlebot_ros.egg-info
writing puzzlebot_ros.egg-info/PKG-INFO
writing dependency_links to puzzlebot_ros.egg-info/dependency_links.txt
writing entry points to puzzlebot_ros.egg-info/entry_points.txt
writing requirements to puzzlebot_ros.egg-info/requires.txt
writing top-level names to puzzlebot_ros.egg-info/top_level.txt
writing manifest file 'puzzlebot_ros.egg-info/SOURCES.txt'
reading manifest file 'puzzlebot_ros.egg-info/SOURCES.txt'
writing manifest file 'puzzlebot_ros.egg-info/SOURCES.txt'
running build_ext
Creating /home/leialc/manchester2_ws/install/puzzlebot_ros/lib/python3.10/site-packages/puzzlebot-ros.egg-link (link to .)
Installing dead_reckoning script to /home/leialc/manchester2_ws/install/puzzlebot_ros/lib/puzzlebot_ros
Installing distance_control script to /home/leialc/manchester2_ws/install/puzzlebot_ros/lib/puzzlebot_ros
Installing goto_point script to /home/leialc/manchester2_ws/install/puzzlebot_ros/lib/puzzlebot_ros
Installing kalman script to /home/leialc/manchester2_ws/install/puzzlebot_ros/lib/puzzlebot_ros
Installing pwm_control script to /home/leialc/manchester2_ws/install/puzzlebot_ros/lib/puzzlebot_ros
Installing velocity_control script to /home/leialc/manchester2_ws/install/puzzlebot_ros/lib/puzzlebot_ros

Installed /home/leialc/manchester2_ws/build/puzzlebot_ros
running symlink_data
creating /home/leialc/manchester2_ws/install/puzzlebot_ros/share/ament_index
creating /home/leialc/manchester2_ws/install/puzzlebot_ros/share/ament_index/resource_index
creating /home/leialc/manchester2_ws/install/puzzlebot_ros/share/ament_index/resource_index/packages
symbolically linking /home/leialc/manchester2_ws/build/puzzlebot_ros/resource/puzzlebot_ros -> /home/leialc/manchester2_ws/install/puzzlebot_ros/share/ament_index/resource_index/packages
symbolically linking /home/leialc/manchester2_ws/build/puzzlebot_ros/package.xml -> /home/leialc/manchester2_ws/install/puzzlebot_ros/share/puzzlebot_ros
symbolically linking /home/leialc/manchester2_ws/build/puzzlebot_ros/launch/micro_ros_agent.launch.py -> /home/leialc/manchester2_ws/install/puzzlebot_ros/share/puzzlebot_ros
symbolically linking /home/leialc/manchester2_ws/build/puzzlebot_ros/launch/goto_deadreckoning.launch.py -> /home/leialc/manchester2_ws/install/puzzlebot_ros/share/puzzlebot_ros
symbolically linking /home/leialc/manchester2_ws/build/puzzlebot_ros/launch/gazebo_box_world.launch.py -> /home/leialc/manchester2_ws/install/puzzlebot_ros/share/puzzlebot_ros
symbolically linking /home/leialc/manchester2_ws/build/puzzlebot_ros/launch/aruco_gazebo.launch.py -> /home/leialc/manchester2_ws/install/puzzlebot_ros/share/puzzlebot_ros
symbolically linking /home/leialc/manchester2_ws/build/puzzlebot_ros/launch/goto_kalman.launch.py -> /home/leialc/manchester2_ws/install/puzzlebot_ros/share/puzzlebot_ros
symbolically linking /home/leialc/manchester2_ws/build/puzzlebot_ros/launch/gazebo_aruco_world.launch.py -> /home/leialc/manchester2_ws/install/puzzlebot_ros/share/puzzlebot_ros
symbolically linking /home/leialc/manchester2_ws/build/puzzlebot_ros/launch/gazebo_empty_world.launch.py -> /home/leialc/manchester2_ws/install/puzzlebot_ros/share/puzzlebot_ros
symbolically linking /home/leialc/manchester2_ws/build/puzzlebot_ros/launch/aruco_jetson.launch.py -> /home/leialc/manchester2_ws/install/puzzlebot_ros/share/puzzlebot_ros
symbolically linking /home/leialc/manchester2_ws/build/puzzlebot_ros/launch/camera_jetson.launch.py -> /home/leialc/manchester2_ws/install/puzzlebot_ros/share/puzzlebot_ros
symbolically linking /home/leialc/manchester2_ws/build/puzzlebot_ros/launch/aruco_raspberry.launch.py -> /home/leialc/manchester2_ws/install/puzzlebot_ros/share/puzzlebot_ros
