[0.465s] Invoking command in '/home/leialc/manchester2_ws/src/puzzlebot': PYTHONPATH=/home/leialc/manchester2_ws/build/puzzlebot/prefix_override:/usr/lib/python3/dist-packages/colcon_core/task/python/colcon_distutils_commands:/home/leialc/manchester2_ws/install/puzzlebot/lib/python3.10/site-packages:${PYTHONPATH} /usr/bin/python3 -W ignore:setup.py install is deprecated -W ignore:easy_install command is deprecated setup.py egg_info --egg-base ../../build/puzzlebot build --build-base /home/leialc/manchester2_ws/build/puzzlebot/build install --record /home/leialc/manchester2_ws/build/puzzlebot/install.log --single-version-externally-managed install_data
[0.650s] running egg_info
[0.650s] writing ../../build/puzzlebot/puzzlebot.egg-info/PKG-INFO
[0.653s] writing dependency_links to ../../build/puzzlebot/puzzlebot.egg-info/dependency_links.txt
[0.653s] writing entry points to ../../build/puzzlebot/puzzlebot.egg-info/entry_points.txt
[0.654s] writing requirements to ../../build/puzzlebot/puzzlebot.egg-info/requires.txt
[0.654s] writing top-level names to ../../build/puzzlebot/puzzlebot.egg-info/top_level.txt
[0.655s] reading manifest file '../../build/puzzlebot/puzzlebot.egg-info/SOURCES.txt'
[0.656s] writing manifest file '../../build/puzzlebot/puzzlebot.egg-info/SOURCES.txt'
[0.657s] running build
[0.657s] running build_py
[0.658s] copying puzzlebot/controller.py -> /home/leialc/manchester2_ws/build/puzzlebot/build/lib/puzzlebot
[0.658s] running install
[0.658s] running install_lib
[0.659s] copying /home/leialc/manchester2_ws/build/puzzlebot/build/lib/puzzlebot/controller.py -> /home/leialc/manchester2_ws/install/puzzlebot/lib/python3.10/site-packages/puzzlebot
[0.660s] byte-compiling /home/leialc/manchester2_ws/install/puzzlebot/lib/python3.10/site-packages/puzzlebot/controller.py to controller.cpython-310.pyc
[0.661s] running install_data
[0.661s] running install_egg_info
[0.662s] removing '/home/leialc/manchester2_ws/install/puzzlebot/lib/python3.10/site-packages/puzzlebot-0.0.0-py3.10.egg-info' (and everything under it)
[0.662s] Copying ../../build/puzzlebot/puzzlebot.egg-info to /home/leialc/manchester2_ws/install/puzzlebot/lib/python3.10/site-packages/puzzlebot-0.0.0-py3.10.egg-info
[0.663s] running install_scripts
[0.677s] Installing controller script to /home/leialc/manchester2_ws/install/puzzlebot/lib/puzzlebot
[0.678s] Installing path_publisher script to /home/leialc/manchester2_ws/install/puzzlebot/lib/puzzlebot
[0.678s] Installing path_subscriber script to /home/leialc/manchester2_ws/install/puzzlebot/lib/puzzlebot
[0.678s] Installing polygon_IMU script to /home/leialc/manchester2_ws/install/puzzlebot/lib/puzzlebot
[0.678s] Installing polygon_publisher script to /home/leialc/manchester2_ws/install/puzzlebot/lib/puzzlebot
[0.678s] Installing trayectory_2m script to /home/leialc/manchester2_ws/install/puzzlebot/lib/puzzlebot
[0.678s] Installing trayectory_try script to /home/leialc/manchester2_ws/install/puzzlebot/lib/puzzlebot
[0.679s] writing list of installed files to '/home/leialc/manchester2_ws/build/puzzlebot/install.log'
[0.696s] Invoked command in '/home/leialc/manchester2_ws/src/puzzlebot' returned '0': PYTHONPATH=/home/leialc/manchester2_ws/build/puzzlebot/prefix_override:/usr/lib/python3/dist-packages/colcon_core/task/python/colcon_distutils_commands:/home/leialc/manchester2_ws/install/puzzlebot/lib/python3.10/site-packages:${PYTHONPATH} /usr/bin/python3 -W ignore:setup.py install is deprecated -W ignore:easy_install command is deprecated setup.py egg_info --egg-base ../../build/puzzlebot build --build-base /home/leialc/manchester2_ws/build/puzzlebot/build install --record /home/leialc/manchester2_ws/build/puzzlebot/install.log --single-version-externally-managed install_data
