[0.813s] Invoking command in '/home/leialc/manchester2_ws/src/puzzlebot': PYTHONPATH=/home/leialc/manchester2_ws/build/puzzlebot/prefix_override:/usr/lib/python3/dist-packages/colcon_core/task/python/colcon_distutils_commands:/home/leialc/manchester2_ws/install/puzzlebot/lib/python3.10/site-packages:${PYTHONPATH} /usr/bin/python3 -W ignore:setup.py install is deprecated -W ignore:easy_install command is deprecated setup.py egg_info --egg-base ../../build/puzzlebot build --build-base /home/leialc/manchester2_ws/build/puzzlebot/build install --record /home/leialc/manchester2_ws/build/puzzlebot/install.log --single-version-externally-managed install_data
[1.164s] running egg_info
[1.165s] writing ../../build/puzzlebot/puzzlebot.egg-info/PKG-INFO
[1.166s] writing dependency_links to ../../build/puzzlebot/puzzlebot.egg-info/dependency_links.txt
[1.166s] writing entry points to ../../build/puzzlebot/puzzlebot.egg-info/entry_points.txt
[1.166s] writing requirements to ../../build/puzzlebot/puzzlebot.egg-info/requires.txt
[1.166s] writing top-level names to ../../build/puzzlebot/puzzlebot.egg-info/top_level.txt
[1.169s] reading manifest file '../../build/puzzlebot/puzzlebot.egg-info/SOURCES.txt'
[1.170s] writing manifest file '../../build/puzzlebot/puzzlebot.egg-info/SOURCES.txt'
[1.170s] running build
[1.170s] running build_py
[1.171s] copying puzzlebot/controller.py -> /home/leialc/manchester2_ws/build/puzzlebot/build/lib/puzzlebot
[1.171s] running install
[1.172s] running install_lib
[1.173s] copying /home/leialc/manchester2_ws/build/puzzlebot/build/lib/puzzlebot/controller.py -> /home/leialc/manchester2_ws/install/puzzlebot/lib/python3.10/site-packages/puzzlebot
[1.174s] byte-compiling /home/leialc/manchester2_ws/install/puzzlebot/lib/python3.10/site-packages/puzzlebot/controller.py to controller.cpython-310.pyc
[1.176s] running install_data
[1.176s] running install_egg_info
[1.179s] removing '/home/leialc/manchester2_ws/install/puzzlebot/lib/python3.10/site-packages/puzzlebot-0.0.0-py3.10.egg-info' (and everything under it)
[1.180s] Copying ../../build/puzzlebot/puzzlebot.egg-info to /home/leialc/manchester2_ws/install/puzzlebot/lib/python3.10/site-packages/puzzlebot-0.0.0-py3.10.egg-info
[1.181s] running install_scripts
[1.206s] Installing controller script to /home/leialc/manchester2_ws/install/puzzlebot/lib/puzzlebot
[1.206s] Installing path_publisher script to /home/leialc/manchester2_ws/install/puzzlebot/lib/puzzlebot
[1.206s] Installing path_subscriber script to /home/leialc/manchester2_ws/install/puzzlebot/lib/puzzlebot
[1.206s] Installing polygon_IMU script to /home/leialc/manchester2_ws/install/puzzlebot/lib/puzzlebot
[1.206s] Installing polygon_publisher script to /home/leialc/manchester2_ws/install/puzzlebot/lib/puzzlebot
[1.206s] Installing trayectory_2m script to /home/leialc/manchester2_ws/install/puzzlebot/lib/puzzlebot
[1.206s] Installing trayectory_try script to /home/leialc/manchester2_ws/install/puzzlebot/lib/puzzlebot
[1.207s] writing list of installed files to '/home/leialc/manchester2_ws/build/puzzlebot/install.log'
[1.237s] Invoked command in '/home/leialc/manchester2_ws/src/puzzlebot' returned '0': PYTHONPATH=/home/leialc/manchester2_ws/build/puzzlebot/prefix_override:/usr/lib/python3/dist-packages/colcon_core/task/python/colcon_distutils_commands:/home/leialc/manchester2_ws/install/puzzlebot/lib/python3.10/site-packages:${PYTHONPATH} /usr/bin/python3 -W ignore:setup.py install is deprecated -W ignore:easy_install command is deprecated setup.py egg_info --egg-base ../../build/puzzlebot build --build-base /home/leialc/manchester2_ws/build/puzzlebot/build install --record /home/leialc/manchester2_ws/build/puzzlebot/install.log --single-version-externally-managed install_data
