[0.630s] Invoking command in '/home/leialc/manchester2_ws/src/puzzlebot': PYTHONPATH=/home/leialc/manchester2_ws/build/puzzlebot/prefix_override:/usr/lib/python3/dist-packages/colcon_core/task/python/colcon_distutils_commands:/home/leialc/manchester2_ws/install/puzzlebot/lib/python3.10/site-packages:${PYTHONPATH} /usr/bin/python3 -W ignore:setup.py install is deprecated -W ignore:easy_install command is deprecated setup.py egg_info --egg-base ../../build/puzzlebot build --build-base /home/leialc/manchester2_ws/build/puzzlebot/build install --record /home/leialc/manchester2_ws/build/puzzlebot/install.log --single-version-externally-managed install_data
[0.877s] running egg_info
[0.878s] creating ../../build/puzzlebot/puzzlebot.egg-info
[0.878s] writing ../../build/puzzlebot/puzzlebot.egg-info/PKG-INFO
[0.878s] writing dependency_links to ../../build/puzzlebot/puzzlebot.egg-info/dependency_links.txt
[0.879s] writing entry points to ../../build/puzzlebot/puzzlebot.egg-info/entry_points.txt
[0.879s] writing requirements to ../../build/puzzlebot/puzzlebot.egg-info/requires.txt
[0.879s] writing top-level names to ../../build/puzzlebot/puzzlebot.egg-info/top_level.txt
[0.879s] writing manifest file '../../build/puzzlebot/puzzlebot.egg-info/SOURCES.txt'
[0.881s] reading manifest file '../../build/puzzlebot/puzzlebot.egg-info/SOURCES.txt'
[0.882s] writing manifest file '../../build/puzzlebot/puzzlebot.egg-info/SOURCES.txt'
[0.882s] running build
[0.882s] running build_py
[0.882s] creating /home/leialc/manchester2_ws/build/puzzlebot/build
[0.882s] creating /home/leialc/manchester2_ws/build/puzzlebot/build/lib
[0.882s] creating /home/leialc/manchester2_ws/build/puzzlebot/build/lib/puzzlebot
[0.882s] copying puzzlebot/trayectory.py -> /home/leialc/manchester2_ws/build/puzzlebot/build/lib/puzzlebot
[0.883s] copying puzzlebot/__init__.py -> /home/leialc/manchester2_ws/build/puzzlebot/build/lib/puzzlebot
[0.883s] running install
[0.883s] running install_lib
[0.884s] creating /home/leialc/manchester2_ws/install/puzzlebot/lib/python3.10/site-packages/puzzlebot
[0.884s] copying /home/leialc/manchester2_ws/build/puzzlebot/build/lib/puzzlebot/trayectory.py -> /home/leialc/manchester2_ws/install/puzzlebot/lib/python3.10/site-packages/puzzlebot
[0.884s] copying /home/leialc/manchester2_ws/build/puzzlebot/build/lib/puzzlebot/__init__.py -> /home/leialc/manchester2_ws/install/puzzlebot/lib/python3.10/site-packages/puzzlebot
[0.885s] byte-compiling /home/leialc/manchester2_ws/install/puzzlebot/lib/python3.10/site-packages/puzzlebot/trayectory.py to trayectory.cpython-310.pyc
[0.885s] byte-compiling /home/leialc/manchester2_ws/install/puzzlebot/lib/python3.10/site-packages/puzzlebot/__init__.py to __init__.cpython-310.pyc
[0.886s] running install_data
[0.886s] creating /home/leialc/manchester2_ws/install/puzzlebot/share/ament_index
[0.886s] creating /home/leialc/manchester2_ws/install/puzzlebot/share/ament_index/resource_index
[0.886s] creating /home/leialc/manchester2_ws/install/puzzlebot/share/ament_index/resource_index/packages
[0.886s] copying resource/puzzlebot -> /home/leialc/manchester2_ws/install/puzzlebot/share/ament_index/resource_index/packages
[0.886s] copying package.xml -> /home/leialc/manchester2_ws/install/puzzlebot/share/puzzlebot
[0.887s] running install_egg_info
[0.890s] Copying ../../build/puzzlebot/puzzlebot.egg-info to /home/leialc/manchester2_ws/install/puzzlebot/lib/python3.10/site-packages/puzzlebot-0.0.0-py3.10.egg-info
[0.891s] running install_scripts
[0.913s] Installing trayectory script to /home/leialc/manchester2_ws/install/puzzlebot/lib/puzzlebot
[0.913s] writing list of installed files to '/home/leialc/manchester2_ws/build/puzzlebot/install.log'
[0.936s] Invoked command in '/home/leialc/manchester2_ws/src/puzzlebot' returned '0': PYTHONPATH=/home/leialc/manchester2_ws/build/puzzlebot/prefix_override:/usr/lib/python3/dist-packages/colcon_core/task/python/colcon_distutils_commands:/home/leialc/manchester2_ws/install/puzzlebot/lib/python3.10/site-packages:${PYTHONPATH} /usr/bin/python3 -W ignore:setup.py install is deprecated -W ignore:easy_install command is deprecated setup.py egg_info --egg-base ../../build/puzzlebot build --build-base /home/leialc/manchester2_ws/build/puzzlebot/build install --record /home/leialc/manchester2_ws/build/puzzlebot/install.log --single-version-externally-managed install_data
