[0.504s] Invoking command in '/home/leialc/manchester2_ws/src/puzzlebot': PYTHONPATH=/home/leialc/manchester2_ws/build/puzzlebot/prefix_override:/usr/lib/python3/dist-packages/colcon_core/task/python/colcon_distutils_commands:/home/leialc/manchester2_ws/install/puzzlebot/lib/python3.10/site-packages:${PYTHONPATH} /usr/bin/python3 -W ignore:setup.py install is deprecated -W ignore:easy_install command is deprecated setup.py egg_info --egg-base ../../build/puzzlebot build --build-base /home/leialc/manchester2_ws/build/puzzlebot/build install --record /home/leialc/manchester2_ws/build/puzzlebot/install.log --single-version-externally-managed install_data
[0.699s] running egg_info
[0.699s] writing ../../build/puzzlebot/puzzlebot.egg-info/PKG-INFO
[0.700s] writing dependency_links to ../../build/puzzlebot/puzzlebot.egg-info/dependency_links.txt
[0.700s] writing entry points to ../../build/puzzlebot/puzzlebot.egg-info/entry_points.txt
[0.700s] writing requirements to ../../build/puzzlebot/puzzlebot.egg-info/requires.txt
[0.700s] writing top-level names to ../../build/puzzlebot/puzzlebot.egg-info/top_level.txt
[0.701s] reading manifest file '../../build/puzzlebot/puzzlebot.egg-info/SOURCES.txt'
[0.702s] writing manifest file '../../build/puzzlebot/puzzlebot.egg-info/SOURCES.txt'
[0.702s] running build
[0.702s] running build_py
[0.702s] copying puzzlebot/trayectory.py -> /home/leialc/manchester2_ws/build/puzzlebot/build/lib/puzzlebot
[0.702s] copying puzzlebot/polygon_publisher.py -> /home/leialc/manchester2_ws/build/puzzlebot/build/lib/puzzlebot
[0.703s] running install
[0.703s] running install_lib
[0.704s] copying /home/leialc/manchester2_ws/build/puzzlebot/build/lib/puzzlebot/trayectory.py -> /home/leialc/manchester2_ws/install/puzzlebot/lib/python3.10/site-packages/puzzlebot
[0.704s] copying /home/leialc/manchester2_ws/build/puzzlebot/build/lib/puzzlebot/polygon_publisher.py -> /home/leialc/manchester2_ws/install/puzzlebot/lib/python3.10/site-packages/puzzlebot
[0.704s] byte-compiling /home/leialc/manchester2_ws/install/puzzlebot/lib/python3.10/site-packages/puzzlebot/trayectory.py to trayectory.cpython-310.pyc
[0.705s] byte-compiling /home/leialc/manchester2_ws/install/puzzlebot/lib/python3.10/site-packages/puzzlebot/polygon_publisher.py to polygon_publisher.cpython-310.pyc
[0.706s] running install_data
[0.706s] running install_egg_info
[0.707s] removing '/home/leialc/manchester2_ws/install/puzzlebot/lib/python3.10/site-packages/puzzlebot-0.0.0-py3.10.egg-info' (and everything under it)
[0.707s] Copying ../../build/puzzlebot/puzzlebot.egg-info to /home/leialc/manchester2_ws/install/puzzlebot/lib/python3.10/site-packages/puzzlebot-0.0.0-py3.10.egg-info
[0.708s] running install_scripts
[0.724s] Installing trayectory script to /home/leialc/manchester2_ws/install/puzzlebot/lib/puzzlebot
[0.724s] Installing trayectory_try = puzzlebot.trayectory_try:mainpolygon_publisher script to /home/leialc/manchester2_ws/install/puzzlebot/lib/puzzlebot
[0.725s] writing list of installed files to '/home/leialc/manchester2_ws/build/puzzlebot/install.log'
[0.745s] Invoked command in '/home/leialc/manchester2_ws/src/puzzlebot' returned '0': PYTHONPATH=/home/leialc/manchester2_ws/build/puzzlebot/prefix_override:/usr/lib/python3/dist-packages/colcon_core/task/python/colcon_distutils_commands:/home/leialc/manchester2_ws/install/puzzlebot/lib/python3.10/site-packages:${PYTHONPATH} /usr/bin/python3 -W ignore:setup.py install is deprecated -W ignore:easy_install command is deprecated setup.py egg_info --egg-base ../../build/puzzlebot build --build-base /home/leialc/manchester2_ws/build/puzzlebot/build install --record /home/leialc/manchester2_ws/build/puzzlebot/install.log --single-version-externally-managed install_data
