[0.479s] DEBUG:colcon:Command line arguments: ['/usr/bin/colcon', 'build', '--packages-select', 'puzzlebot_ros', '--symlink-install']
[0.479s] DEBUG:colcon:Parsed command line arguments: Namespace(log_base=None, log_level=None, verb_name='build', build_base='build', install_base='install', merge_install=False, symlink_install=True, test_result_base=None, continue_on_error=False, executor='parallel', parallel_workers=8, event_handlers=None, ignore_user_meta=False, metas=['./colcon.meta'], base_paths=['.'], packages_ignore=None, packages_ignore_regex=None, paths=None, packages_up_to=None, packages_up_to_regex=None, packages_above=None, packages_above_and_dependencies=None, packages_above_depth=None, packages_select_by_dep=None, packages_skip_by_dep=None, packages_skip_up_to=None, packages_select_build_failed=False, packages_skip_build_finished=False, packages_select_test_failures=False, packages_skip_test_passed=False, packages_select=['puzzlebot_ros'], packages_skip=None, packages_select_regex=None, packages_skip_regex=None, packages_start=None, packages_end=None, allow_overriding=[], cmake_args=None, cmake_target=None, cmake_target_skip_unavailable=False, cmake_clean_cache=False, cmake_clean_first=False, cmake_force_configure=False, ament_cmake_args=None, catkin_cmake_args=None, catkin_skip_building_tests=False, mixin_files=None, mixin=None, verb_parser=<colcon_mixin.mixin.mixin_argument.MixinArgumentDecorator object at 0x76cd8c2515d0>, verb_extension=<colcon_core.verb.build.BuildVerb object at 0x76cd8c35a4d0>, main=<bound method BuildVerb.main of <colcon_core.verb.build.BuildVerb object at 0x76cd8c35a4d0>>, mixin_verb=('build',))
[0.717s] Level 1:colcon.colcon_core.package_discovery:discover_packages(colcon_meta) check parameters
[0.718s] Level 1:colcon.colcon_core.package_discovery:discover_packages(recursive) check parameters
[0.718s] Level 1:colcon.colcon_core.package_discovery:discover_packages(ignore) check parameters
[0.718s] Level 1:colcon.colcon_core.package_discovery:discover_packages(path) check parameters
[0.718s] Level 1:colcon.colcon_core.package_discovery:discover_packages(colcon_meta) discover
[0.718s] Level 1:colcon.colcon_core.package_discovery:discover_packages(recursive) discover
[0.718s] INFO:colcon.colcon_core.package_discovery:Crawling recursively for packages in '/home/leialc/manchester2_ws'
[0.718s] Level 1:colcon.colcon_core.package_identification:_identify(.) by extensions ['ignore', 'ignore_ament_install']
[0.718s] Level 1:colcon.colcon_core.package_identification:_identify(.) by extension 'ignore'
[0.718s] Level 1:colcon.colcon_core.package_identification:_identify(.) by extension 'ignore_ament_install'
[0.718s] Level 1:colcon.colcon_core.package_identification:_identify(.) by extensions ['colcon_pkg']
[0.718s] Level 1:colcon.colcon_core.package_identification:_identify(.) by extension 'colcon_pkg'
[0.718s] Level 1:colcon.colcon_core.package_identification:_identify(.) by extensions ['colcon_meta']
[0.718s] Level 1:colcon.colcon_core.package_identification:_identify(.) by extension 'colcon_meta'
[0.718s] Level 1:colcon.colcon_core.package_identification:_identify(.) by extensions ['ros']
[0.718s] Level 1:colcon.colcon_core.package_identification:_identify(.) by extension 'ros'
[0.729s] Level 1:colcon.colcon_core.package_identification:_identify(.) by extensions ['cmake', 'python']
[0.729s] Level 1:colcon.colcon_core.package_identification:_identify(.) by extension 'cmake'
[0.729s] Level 1:colcon.colcon_core.package_identification:_identify(.) by extension 'python'
[0.729s] Level 1:colcon.colcon_core.package_identification:_identify(.) by extensions ['python_setup_py']
[0.729s] Level 1:colcon.colcon_core.package_identification:_identify(.) by extension 'python_setup_py'
[0.729s] Level 1:colcon.colcon_core.package_identification:_identify(build) by extensions ['ignore', 'ignore_ament_install']
[0.729s] Level 1:colcon.colcon_core.package_identification:_identify(build) by extension 'ignore'
[0.729s] Level 1:colcon.colcon_core.package_identification:_identify(build) ignored
[0.729s] Level 1:colcon.colcon_core.package_identification:_identify(install) by extensions ['ignore', 'ignore_ament_install']
[0.729s] Level 1:colcon.colcon_core.package_identification:_identify(install) by extension 'ignore'
[0.729s] Level 1:colcon.colcon_core.package_identification:_identify(install) ignored
[0.729s] Level 1:colcon.colcon_core.package_identification:_identify(log) by extensions ['ignore', 'ignore_ament_install']
[0.730s] Level 1:colcon.colcon_core.package_identification:_identify(log) by extension 'ignore'
[0.730s] Level 1:colcon.colcon_core.package_identification:_identify(log) ignored
[0.730s] Level 1:colcon.colcon_core.package_identification:_identify(puzzlebot_ros) by extensions ['ignore', 'ignore_ament_install']
[0.730s] Level 1:colcon.colcon_core.package_identification:_identify(puzzlebot_ros) by extension 'ignore'
[0.730s] Level 1:colcon.colcon_core.package_identification:_identify(puzzlebot_ros) by extension 'ignore_ament_install'
[0.730s] Level 1:colcon.colcon_core.package_identification:_identify(puzzlebot_ros) by extensions ['colcon_pkg']
[0.730s] Level 1:colcon.colcon_core.package_identification:_identify(puzzlebot_ros) by extension 'colcon_pkg'
[0.730s] Level 1:colcon.colcon_core.package_identification:_identify(puzzlebot_ros) by extensions ['colcon_meta']
[0.730s] Level 1:colcon.colcon_core.package_identification:_identify(puzzlebot_ros) by extension 'colcon_meta'
[0.730s] Level 1:colcon.colcon_core.package_identification:_identify(puzzlebot_ros) by extensions ['ros']
[0.730s] Level 1:colcon.colcon_core.package_identification:_identify(puzzlebot_ros) by extension 'ros'
[0.733s] DEBUG:colcon.colcon_core.package_identification:Package 'puzzlebot_ros' with type 'ros.ament_python' and name 'puzzlebot_ros'
[0.734s] Level 1:colcon.colcon_core.package_identification:_identify(ros_gz) by extensions ['ignore', 'ignore_ament_install']
[0.734s] Level 1:colcon.colcon_core.package_identification:_identify(ros_gz) by extension 'ignore'
[0.734s] Level 1:colcon.colcon_core.package_identification:_identify(ros_gz) by extension 'ignore_ament_install'
[0.734s] Level 1:colcon.colcon_core.package_identification:_identify(ros_gz) by extensions ['colcon_pkg']
[0.734s] Level 1:colcon.colcon_core.package_identification:_identify(ros_gz) by extension 'colcon_pkg'
[0.734s] Level 1:colcon.colcon_core.package_identification:_identify(ros_gz) by extensions ['colcon_meta']
[0.734s] Level 1:colcon.colcon_core.package_identification:_identify(ros_gz) by extension 'colcon_meta'
[0.734s] Level 1:colcon.colcon_core.package_identification:_identify(ros_gz) by extensions ['ros']
[0.734s] Level 1:colcon.colcon_core.package_identification:_identify(ros_gz) by extension 'ros'
[0.734s] Level 1:colcon.colcon_core.package_identification:_identify(ros_gz) by extensions ['cmake', 'python']
[0.734s] Level 1:colcon.colcon_core.package_identification:_identify(ros_gz) by extension 'cmake'
[0.734s] Level 1:colcon.colcon_core.package_identification:_identify(ros_gz) by extension 'python'
[0.734s] Level 1:colcon.colcon_core.package_identification:_identify(ros_gz) by extensions ['python_setup_py']
[0.734s] Level 1:colcon.colcon_core.package_identification:_identify(ros_gz) by extension 'python_setup_py'
[0.734s] Level 1:colcon.colcon_core.package_identification:_identify(ros_gz/img) by extensions ['ignore', 'ignore_ament_install']
[0.734s] Level 1:colcon.colcon_core.package_identification:_identify(ros_gz/img) by extension 'ignore'
[0.734s] Level 1:colcon.colcon_core.package_identification:_identify(ros_gz/img) by extension 'ignore_ament_install'
[0.734s] Level 1:colcon.colcon_core.package_identification:_identify(ros_gz/img) by extensions ['colcon_pkg']
[0.734s] Level 1:colcon.colcon_core.package_identification:_identify(ros_gz/img) by extension 'colcon_pkg'
[0.734s] Level 1:colcon.colcon_core.package_identification:_identify(ros_gz/img) by extensions ['colcon_meta']
[0.734s] Level 1:colcon.colcon_core.package_identification:_identify(ros_gz/img) by extension 'colcon_meta'
[0.734s] Level 1:colcon.colcon_core.package_identification:_identify(ros_gz/img) by extensions ['ros']
[0.734s] Level 1:colcon.colcon_core.package_identification:_identify(ros_gz/img) by extension 'ros'
[0.735s] Level 1:colcon.colcon_core.package_identification:_identify(ros_gz/img) by extensions ['cmake', 'python']
[0.735s] Level 1:colcon.colcon_core.package_identification:_identify(ros_gz/img) by extension 'cmake'
[0.735s] Level 1:colcon.colcon_core.package_identification:_identify(ros_gz/img) by extension 'python'
[0.735s] Level 1:colcon.colcon_core.package_identification:_identify(ros_gz/img) by extensions ['python_setup_py']
[0.735s] Level 1:colcon.colcon_core.package_identification:_identify(ros_gz/img) by extension 'python_setup_py'
[0.735s] Level 1:colcon.colcon_core.package_identification:_identify(ros_gz/ros_gz) by extensions ['ignore', 'ignore_ament_install']
[0.735s] Level 1:colcon.colcon_core.package_identification:_identify(ros_gz/ros_gz) by extension 'ignore'
[0.735s] Level 1:colcon.colcon_core.package_identification:_identify(ros_gz/ros_gz) by extension 'ignore_ament_install'
[0.735s] Level 1:colcon.colcon_core.package_identification:_identify(ros_gz/ros_gz) by extensions ['colcon_pkg']
[0.735s] Level 1:colcon.colcon_core.package_identification:_identify(ros_gz/ros_gz) by extension 'colcon_pkg'
[0.735s] Level 1:colcon.colcon_core.package_identification:_identify(ros_gz/ros_gz) by extensions ['colcon_meta']
[0.735s] Level 1:colcon.colcon_core.package_identification:_identify(ros_gz/ros_gz) by extension 'colcon_meta'
[0.735s] Level 1:colcon.colcon_core.package_identification:_identify(ros_gz/ros_gz) by extensions ['ros']
[0.735s] Level 1:colcon.colcon_core.package_identification:_identify(ros_gz/ros_gz) by extension 'ros'
[0.735s] DEBUG:colcon.colcon_core.package_identification:Package 'ros_gz/ros_gz' with type 'ros.ament_cmake' and name 'ros_gz'
[0.736s] Level 1:colcon.colcon_core.package_identification:_identify(ros_gz/ros_gz_bridge) by extensions ['ignore', 'ignore_ament_install']
[0.736s] Level 1:colcon.colcon_core.package_identification:_identify(ros_gz/ros_gz_bridge) by extension 'ignore'
[0.736s] Level 1:colcon.colcon_core.package_identification:_identify(ros_gz/ros_gz_bridge) by extension 'ignore_ament_install'
[0.736s] Level 1:colcon.colcon_core.package_identification:_identify(ros_gz/ros_gz_bridge) by extensions ['colcon_pkg']
[0.736s] Level 1:colcon.colcon_core.package_identification:_identify(ros_gz/ros_gz_bridge) by extension 'colcon_pkg'
[0.736s] Level 1:colcon.colcon_core.package_identification:_identify(ros_gz/ros_gz_bridge) by extensions ['colcon_meta']
[0.736s] Level 1:colcon.colcon_core.package_identification:_identify(ros_gz/ros_gz_bridge) by extension 'colcon_meta'
[0.736s] Level 1:colcon.colcon_core.package_identification:_identify(ros_gz/ros_gz_bridge) by extensions ['ros']
[0.736s] Level 1:colcon.colcon_core.package_identification:_identify(ros_gz/ros_gz_bridge) by extension 'ros'
[0.738s] DEBUG:colcon.colcon_core.package_identification:Package 'ros_gz/ros_gz_bridge' with type 'ros.ament_cmake' and name 'ros_gz_bridge'
[0.738s] Level 1:colcon.colcon_core.package_identification:_identify(ros_gz/ros_gz_image) by extensions ['ignore', 'ignore_ament_install']
[0.738s] Level 1:colcon.colcon_core.package_identification:_identify(ros_gz/ros_gz_image) by extension 'ignore'
[0.738s] Level 1:colcon.colcon_core.package_identification:_identify(ros_gz/ros_gz_image) by extension 'ignore_ament_install'
[0.738s] Level 1:colcon.colcon_core.package_identification:_identify(ros_gz/ros_gz_image) by extensions ['colcon_pkg']
[0.738s] Level 1:colcon.colcon_core.package_identification:_identify(ros_gz/ros_gz_image) by extension 'colcon_pkg'
[0.738s] Level 1:colcon.colcon_core.package_identification:_identify(ros_gz/ros_gz_image) by extensions ['colcon_meta']
[0.738s] Level 1:colcon.colcon_core.package_identification:_identify(ros_gz/ros_gz_image) by extension 'colcon_meta'
[0.738s] Level 1:colcon.colcon_core.package_identification:_identify(ros_gz/ros_gz_image) by extensions ['ros']
[0.738s] Level 1:colcon.colcon_core.package_identification:_identify(ros_gz/ros_gz_image) by extension 'ros'
[0.739s] DEBUG:colcon.colcon_core.package_identification:Package 'ros_gz/ros_gz_image' with type 'ros.ament_cmake' and name 'ros_gz_image'
[0.739s] Level 1:colcon.colcon_core.package_identification:_identify(ros_gz/ros_gz_interfaces) by extensions ['ignore', 'ignore_ament_install']
[0.739s] Level 1:colcon.colcon_core.package_identification:_identify(ros_gz/ros_gz_interfaces) by extension 'ignore'
[0.739s] Level 1:colcon.colcon_core.package_identification:_identify(ros_gz/ros_gz_interfaces) by extension 'ignore_ament_install'
[0.739s] Level 1:colcon.colcon_core.package_identification:_identify(ros_gz/ros_gz_interfaces) by extensions ['colcon_pkg']
[0.739s] Level 1:colcon.colcon_core.package_identification:_identify(ros_gz/ros_gz_interfaces) by extension 'colcon_pkg'
[0.739s] Level 1:colcon.colcon_core.package_identification:_identify(ros_gz/ros_gz_interfaces) by extensions ['colcon_meta']
[0.739s] Level 1:colcon.colcon_core.package_identification:_identify(ros_gz/ros_gz_interfaces) by extension 'colcon_meta'
[0.739s] Level 1:colcon.colcon_core.package_identification:_identify(ros_gz/ros_gz_interfaces) by extensions ['ros']
[0.739s] Level 1:colcon.colcon_core.package_identification:_identify(ros_gz/ros_gz_interfaces) by extension 'ros'
[0.740s] DEBUG:colcon.colcon_core.package_identification:Package 'ros_gz/ros_gz_interfaces' with type 'ros.ament_cmake' and name 'ros_gz_interfaces'
[0.740s] Level 1:colcon.colcon_core.package_identification:_identify(ros_gz/ros_gz_point_cloud) by extensions ['ignore', 'ignore_ament_install']
[0.740s] Level 1:colcon.colcon_core.package_identification:_identify(ros_gz/ros_gz_point_cloud) by extension 'ignore'
[0.740s] Level 1:colcon.colcon_core.package_identification:_identify(ros_gz/ros_gz_point_cloud) ignored
[0.740s] Level 1:colcon.colcon_core.package_identification:_identify(ros_gz/ros_gz_sim) by extensions ['ignore', 'ignore_ament_install']
[0.740s] Level 1:colcon.colcon_core.package_identification:_identify(ros_gz/ros_gz_sim) by extension 'ignore'
[0.740s] Level 1:colcon.colcon_core.package_identification:_identify(ros_gz/ros_gz_sim) by extension 'ignore_ament_install'
[0.740s] Level 1:colcon.colcon_core.package_identification:_identify(ros_gz/ros_gz_sim) by extensions ['colcon_pkg']
[0.740s] Level 1:colcon.colcon_core.package_identification:_identify(ros_gz/ros_gz_sim) by extension 'colcon_pkg'
[0.740s] Level 1:colcon.colcon_core.package_identification:_identify(ros_gz/ros_gz_sim) by extensions ['colcon_meta']
[0.740s] Level 1:colcon.colcon_core.package_identification:_identify(ros_gz/ros_gz_sim) by extension 'colcon_meta'
[0.740s] Level 1:colcon.colcon_core.package_identification:_identify(ros_gz/ros_gz_sim) by extensions ['ros']
[0.740s] Level 1:colcon.colcon_core.package_identification:_identify(ros_gz/ros_gz_sim) by extension 'ros'
[0.741s] DEBUG:colcon.colcon_core.package_identification:Package 'ros_gz/ros_gz_sim' with type 'ros.ament_cmake' and name 'ros_gz_sim'
[0.741s] Level 1:colcon.colcon_core.package_identification:_identify(ros_gz/ros_gz_sim_demos) by extensions ['ignore', 'ignore_ament_install']
[0.742s] Level 1:colcon.colcon_core.package_identification:_identify(ros_gz/ros_gz_sim_demos) by extension 'ignore'
[0.742s] Level 1:colcon.colcon_core.package_identification:_identify(ros_gz/ros_gz_sim_demos) by extension 'ignore_ament_install'
[0.742s] Level 1:colcon.colcon_core.package_identification:_identify(ros_gz/ros_gz_sim_demos) by extensions ['colcon_pkg']
[0.742s] Level 1:colcon.colcon_core.package_identification:_identify(ros_gz/ros_gz_sim_demos) by extension 'colcon_pkg'
[0.742s] Level 1:colcon.colcon_core.package_identification:_identify(ros_gz/ros_gz_sim_demos) by extensions ['colcon_meta']
[0.742s] Level 1:colcon.colcon_core.package_identification:_identify(ros_gz/ros_gz_sim_demos) by extension 'colcon_meta'
[0.742s] Level 1:colcon.colcon_core.package_identification:_identify(ros_gz/ros_gz_sim_demos) by extensions ['ros']
[0.742s] Level 1:colcon.colcon_core.package_identification:_identify(ros_gz/ros_gz_sim_demos) by extension 'ros'
[0.742s] DEBUG:colcon.colcon_core.package_identification:Package 'ros_gz/ros_gz_sim_demos' with type 'ros.ament_cmake' and name 'ros_gz_sim_demos'
[0.742s] Level 1:colcon.colcon_core.package_identification:_identify(ros_gz/test_ros_gz_bridge) by extensions ['ignore', 'ignore_ament_install']
[0.743s] Level 1:colcon.colcon_core.package_identification:_identify(ros_gz/test_ros_gz_bridge) by extension 'ignore'
[0.743s] Level 1:colcon.colcon_core.package_identification:_identify(ros_gz/test_ros_gz_bridge) by extension 'ignore_ament_install'
[0.743s] Level 1:colcon.colcon_core.package_identification:_identify(ros_gz/test_ros_gz_bridge) by extensions ['colcon_pkg']
[0.743s] Level 1:colcon.colcon_core.package_identification:_identify(ros_gz/test_ros_gz_bridge) by extension 'colcon_pkg'
[0.743s] Level 1:colcon.colcon_core.package_identification:_identify(ros_gz/test_ros_gz_bridge) by extensions ['colcon_meta']
[0.743s] Level 1:colcon.colcon_core.package_identification:_identify(ros_gz/test_ros_gz_bridge) by extension 'colcon_meta'
[0.743s] Level 1:colcon.colcon_core.package_identification:_identify(ros_gz/test_ros_gz_bridge) by extensions ['ros']
[0.743s] Level 1:colcon.colcon_core.package_identification:_identify(ros_gz/test_ros_gz_bridge) by extension 'ros'
[0.743s] DEBUG:colcon.colcon_core.package_identification:Package 'ros_gz/test_ros_gz_bridge' with type 'ros.ament_cmake' and name 'test_ros_gz_bridge'
[0.743s] Level 1:colcon.colcon_core.package_identification:_identify(ros_gz/tools) by extensions ['ignore', 'ignore_ament_install']
[0.743s] Level 1:colcon.colcon_core.package_identification:_identify(ros_gz/tools) by extension 'ignore'
[0.743s] Level 1:colcon.colcon_core.package_identification:_identify(ros_gz/tools) by extension 'ignore_ament_install'
[0.743s] Level 1:colcon.colcon_core.package_identification:_identify(ros_gz/tools) by extensions ['colcon_pkg']
[0.743s] Level 1:colcon.colcon_core.package_identification:_identify(ros_gz/tools) by extension 'colcon_pkg'
[0.744s] Level 1:colcon.colcon_core.package_identification:_identify(ros_gz/tools) by extensions ['colcon_meta']
[0.744s] Level 1:colcon.colcon_core.package_identification:_identify(ros_gz/tools) by extension 'colcon_meta'
[0.744s] Level 1:colcon.colcon_core.package_identification:_identify(ros_gz/tools) by extensions ['ros']
[0.744s] Level 1:colcon.colcon_core.package_identification:_identify(ros_gz/tools) by extension 'ros'
[0.744s] Level 1:colcon.colcon_core.package_identification:_identify(ros_gz/tools) by extensions ['cmake', 'python']
[0.744s] Level 1:colcon.colcon_core.package_identification:_identify(ros_gz/tools) by extension 'cmake'
[0.744s] Level 1:colcon.colcon_core.package_identification:_identify(ros_gz/tools) by extension 'python'
[0.744s] Level 1:colcon.colcon_core.package_identification:_identify(ros_gz/tools) by extensions ['python_setup_py']
[0.744s] Level 1:colcon.colcon_core.package_identification:_identify(ros_gz/tools) by extension 'python_setup_py'
[0.744s] Level 1:colcon.colcon_core.package_identification:_identify(src) by extensions ['ignore', 'ignore_ament_install']
[0.745s] Level 1:colcon.colcon_core.package_identification:_identify(src) by extension 'ignore'
[0.745s] Level 1:colcon.colcon_core.package_identification:_identify(src) by extension 'ignore_ament_install'
[0.745s] Level 1:colcon.colcon_core.package_identification:_identify(src) by extensions ['colcon_pkg']
[0.745s] Level 1:colcon.colcon_core.package_identification:_identify(src) by extension 'colcon_pkg'
[0.745s] Level 1:colcon.colcon_core.package_identification:_identify(src) by extensions ['colcon_meta']
[0.745s] Level 1:colcon.colcon_core.package_identification:_identify(src) by extension 'colcon_meta'
[0.745s] Level 1:colcon.colcon_core.package_identification:_identify(src) by extensions ['ros']
[0.745s] Level 1:colcon.colcon_core.package_identification:_identify(src) by extension 'ros'
[0.745s] Level 1:colcon.colcon_core.package_identification:_identify(src) by extensions ['cmake', 'python']
[0.745s] Level 1:colcon.colcon_core.package_identification:_identify(src) by extension 'cmake'
[0.745s] Level 1:colcon.colcon_core.package_identification:_identify(src) by extension 'python'
[0.745s] Level 1:colcon.colcon_core.package_identification:_identify(src) by extensions ['python_setup_py']
[0.745s] Level 1:colcon.colcon_core.package_identification:_identify(src) by extension 'python_setup_py'
[0.746s] Level 1:colcon.colcon_core.package_identification:_identify(src/puzzlebot) by extensions ['ignore', 'ignore_ament_install']
[0.746s] Level 1:colcon.colcon_core.package_identification:_identify(src/puzzlebot) by extension 'ignore'
[0.746s] Level 1:colcon.colcon_core.package_identification:_identify(src/puzzlebot) by extension 'ignore_ament_install'
[0.746s] Level 1:colcon.colcon_core.package_identification:_identify(src/puzzlebot) by extensions ['colcon_pkg']
[0.746s] Level 1:colcon.colcon_core.package_identification:_identify(src/puzzlebot) by extension 'colcon_pkg'
[0.746s] Level 1:colcon.colcon_core.package_identification:_identify(src/puzzlebot) by extensions ['colcon_meta']
[0.746s] Level 1:colcon.colcon_core.package_identification:_identify(src/puzzlebot) by extension 'colcon_meta'
[0.747s] Level 1:colcon.colcon_core.package_identification:_identify(src/puzzlebot) by extensions ['ros']
[0.747s] Level 1:colcon.colcon_core.package_identification:_identify(src/puzzlebot) by extension 'ros'
[0.747s] DEBUG:colcon.colcon_core.package_identification:Package 'src/puzzlebot' with type 'ros.ament_python' and name 'puzzlebot'
[0.748s] Level 1:colcon.colcon_core.package_discovery:discover_packages(recursive) using defaults
[0.748s] Level 1:colcon.colcon_core.package_discovery:discover_packages(ignore) discover
[0.748s] Level 1:colcon.colcon_core.package_discovery:discover_packages(ignore) using defaults
[0.748s] Level 1:colcon.colcon_core.package_discovery:discover_packages(path) discover
[0.748s] Level 1:colcon.colcon_core.package_discovery:discover_packages(path) using defaults
[0.782s] INFO:colcon.colcon_core.package_selection:Skipping not selected package 'puzzlebot' in 'src/puzzlebot'
[0.782s] INFO:colcon.colcon_core.package_selection:Skipping not selected package 'ros_gz_interfaces' in 'ros_gz/ros_gz_interfaces'
[0.782s] INFO:colcon.colcon_core.package_selection:Skipping not selected package 'ros_gz_sim' in 'ros_gz/ros_gz_sim'
[0.782s] INFO:colcon.colcon_core.package_selection:Skipping not selected package 'ros_gz_bridge' in 'ros_gz/ros_gz_bridge'
[0.782s] INFO:colcon.colcon_core.package_selection:Skipping not selected package 'ros_gz_image' in 'ros_gz/ros_gz_image'
[0.782s] INFO:colcon.colcon_core.package_selection:Skipping not selected package 'test_ros_gz_bridge' in 'ros_gz/test_ros_gz_bridge'
[0.782s] INFO:colcon.colcon_core.package_selection:Skipping not selected package 'ros_gz_sim_demos' in 'ros_gz/ros_gz_sim_demos'
[0.782s] INFO:colcon.colcon_core.package_selection:Skipping not selected package 'ros_gz' in 'ros_gz/ros_gz'
[0.783s] Level 1:colcon.colcon_core.package_discovery:discover_packages(prefix_path) check parameters
[0.783s] Level 1:colcon.colcon_core.package_discovery:discover_packages(prefix_path) discover
[0.786s] DEBUG:colcon.colcon_installed_package_information.package_discovery:Found 3 installed packages in /home/leialc/uros_ws/install
[0.787s] DEBUG:colcon.colcon_installed_package_information.package_discovery:Found 324 installed packages in /opt/ros/humble
[0.788s] Level 1:colcon.colcon_core.package_discovery:discover_packages(prefix_path) using defaults
[0.823s] Level 5:colcon.colcon_core.verb:set package 'puzzlebot_ros' build argument 'cmake_args' from command line to 'None'
[0.823s] Level 5:colcon.colcon_core.verb:set package 'puzzlebot_ros' build argument 'cmake_target' from command line to 'None'
[0.823s] Level 5:colcon.colcon_core.verb:set package 'puzzlebot_ros' build argument 'cmake_target_skip_unavailable' from command line to 'False'
[0.823s] Level 5:colcon.colcon_core.verb:set package 'puzzlebot_ros' build argument 'cmake_clean_cache' from command line to 'False'
[0.823s] Level 5:colcon.colcon_core.verb:set package 'puzzlebot_ros' build argument 'cmake_clean_first' from command line to 'False'
[0.823s] Level 5:colcon.colcon_core.verb:set package 'puzzlebot_ros' build argument 'cmake_force_configure' from command line to 'False'
[0.823s] Level 5:colcon.colcon_core.verb:set package 'puzzlebot_ros' build argument 'ament_cmake_args' from command line to 'None'
[0.823s] Level 5:colcon.colcon_core.verb:set package 'puzzlebot_ros' build argument 'catkin_cmake_args' from command line to 'None'
[0.823s] Level 5:colcon.colcon_core.verb:set package 'puzzlebot_ros' build argument 'catkin_skip_building_tests' from command line to 'False'
[0.823s] DEBUG:colcon.colcon_core.verb:Building package 'puzzlebot_ros' with the following arguments: {'ament_cmake_args': None, 'build_base': '/home/leialc/manchester2_ws/build/puzzlebot_ros', 'catkin_cmake_args': None, 'catkin_skip_building_tests': False, 'cmake_args': None, 'cmake_clean_cache': False, 'cmake_clean_first': False, 'cmake_force_configure': False, 'cmake_target': None, 'cmake_target_skip_unavailable': False, 'install_base': '/home/leialc/manchester2_ws/install/puzzlebot_ros', 'merge_install': False, 'path': '/home/leialc/manchester2_ws/puzzlebot_ros', 'symlink_install': True, 'test_result_base': None}
[0.823s] INFO:colcon.colcon_core.executor:Executing jobs using 'parallel' executor
[0.824s] DEBUG:colcon.colcon_parallel_executor.executor.parallel:run_until_complete
[0.824s] INFO:colcon.colcon_ros.task.ament_python.build:Building ROS package in '/home/leialc/manchester2_ws/puzzlebot_ros' with build type 'ament_python'
[0.825s] Level 1:colcon.colcon_core.shell:create_environment_hook('puzzlebot_ros', 'ament_prefix_path')
[0.830s] INFO:colcon.colcon_core.plugin_system:Skipping extension 'colcon_core.shell.bat': Not used on non-Windows systems
[0.830s] INFO:colcon.colcon_core.shell:Creating environment hook '/home/leialc/manchester2_ws/install/puzzlebot_ros/share/puzzlebot_ros/hook/ament_prefix_path.ps1'
[0.831s] INFO:colcon.colcon_core.shell:Creating environment descriptor '/home/leialc/manchester2_ws/install/puzzlebot_ros/share/puzzlebot_ros/hook/ament_prefix_path.dsv'
[0.831s] INFO:colcon.colcon_core.shell:Creating environment hook '/home/leialc/manchester2_ws/install/puzzlebot_ros/share/puzzlebot_ros/hook/ament_prefix_path.sh'
[0.832s] INFO:colcon.colcon_core.shell:Skip shell extension 'powershell' for command environment: Not usable outside of PowerShell
[0.832s] DEBUG:colcon.colcon_core.shell:Skip shell extension 'dsv' for command environment
[1.031s] INFO:colcon.colcon_core.task.python.build:Building Python package in '/home/leialc/manchester2_ws/puzzlebot_ros'
[1.031s] INFO:colcon.colcon_core.shell:Skip shell extension 'powershell' for command environment: Not usable outside of PowerShell
[1.031s] DEBUG:colcon.colcon_core.shell:Skip shell extension 'dsv' for command environment
[1.349s] DEBUG:colcon.colcon_core.event_handler.log_command:Invoking command in '/home/leialc/manchester2_ws/build/puzzlebot_ros': PYTHONPATH=/home/leialc/manchester2_ws/build/puzzlebot_ros/prefix_override:/usr/lib/python3/dist-packages/colcon_core/task/python/colcon_distutils_commands:/home/leialc/manchester2_ws/install/puzzlebot_ros/lib/python3.10/site-packages:${PYTHONPATH} /usr/bin/python3 -W ignore:setup.py install is deprecated -W ignore:easy_install command is deprecated setup.py develop --editable --build-directory /home/leialc/manchester2_ws/build/puzzlebot_ros/build --no-deps symlink_data
[1.761s] Level 1:colcon.colcon_core.shell:create_environment_hook('puzzlebot_ros', 'pythonpath_develop')
[1.762s] INFO:colcon.colcon_core.shell:Creating environment hook '/home/leialc/manchester2_ws/build/puzzlebot_ros/share/puzzlebot_ros/hook/pythonpath_develop.ps1'
[1.762s] DEBUG:colcon.colcon_core.event_handler.log_command:Invoked command in '/home/leialc/manchester2_ws/build/puzzlebot_ros' returned '0': PYTHONPATH=/home/leialc/manchester2_ws/build/puzzlebot_ros/prefix_override:/usr/lib/python3/dist-packages/colcon_core/task/python/colcon_distutils_commands:/home/leialc/manchester2_ws/install/puzzlebot_ros/lib/python3.10/site-packages:${PYTHONPATH} /usr/bin/python3 -W ignore:setup.py install is deprecated -W ignore:easy_install command is deprecated setup.py develop --editable --build-directory /home/leialc/manchester2_ws/build/puzzlebot_ros/build --no-deps symlink_data
[1.762s] INFO:colcon.colcon_core.shell:Creating environment descriptor '/home/leialc/manchester2_ws/build/puzzlebot_ros/share/puzzlebot_ros/hook/pythonpath_develop.dsv'
[1.763s] INFO:colcon.colcon_core.shell:Creating environment hook '/home/leialc/manchester2_ws/build/puzzlebot_ros/share/puzzlebot_ros/hook/pythonpath_develop.sh'
[1.770s] Level 1:colcon.colcon_core.environment:checking '/home/leialc/manchester2_ws/install/puzzlebot_ros' for CMake module files
[1.771s] Level 1:colcon.colcon_core.environment:checking '/home/leialc/manchester2_ws/install/puzzlebot_ros' for CMake config files
[1.771s] Level 1:colcon.colcon_core.environment:checking '/home/leialc/manchester2_ws/install/puzzlebot_ros/lib'
[1.771s] Level 1:colcon.colcon_core.environment:checking '/home/leialc/manchester2_ws/install/puzzlebot_ros/bin'
[1.771s] Level 1:colcon.colcon_core.environment:checking '/home/leialc/manchester2_ws/install/puzzlebot_ros/lib/pkgconfig/puzzlebot_ros.pc'
[1.772s] Level 1:colcon.colcon_core.environment:checking '/home/leialc/manchester2_ws/install/puzzlebot_ros/lib/python3.10/site-packages'
[1.772s] Level 1:colcon.colcon_core.shell:create_environment_hook('puzzlebot_ros', 'pythonpath')
[1.772s] INFO:colcon.colcon_core.shell:Creating environment hook '/home/leialc/manchester2_ws/install/puzzlebot_ros/share/puzzlebot_ros/hook/pythonpath.ps1'
[1.772s] INFO:colcon.colcon_core.shell:Creating environment descriptor '/home/leialc/manchester2_ws/install/puzzlebot_ros/share/puzzlebot_ros/hook/pythonpath.dsv'
[1.772s] INFO:colcon.colcon_core.shell:Creating environment hook '/home/leialc/manchester2_ws/install/puzzlebot_ros/share/puzzlebot_ros/hook/pythonpath.sh'
[1.773s] Level 1:colcon.colcon_core.environment:checking '/home/leialc/manchester2_ws/install/puzzlebot_ros/bin'
[1.773s] Level 1:colcon.colcon_core.environment:create_environment_scripts_only(puzzlebot_ros)
[1.773s] INFO:colcon.colcon_core.shell:Creating package script '/home/leialc/manchester2_ws/install/puzzlebot_ros/share/puzzlebot_ros/package.ps1'
[1.774s] INFO:colcon.colcon_core.shell:Creating package descriptor '/home/leialc/manchester2_ws/install/puzzlebot_ros/share/puzzlebot_ros/package.dsv'
[1.774s] INFO:colcon.colcon_core.shell:Creating package script '/home/leialc/manchester2_ws/install/puzzlebot_ros/share/puzzlebot_ros/package.sh'
[1.776s] INFO:colcon.colcon_core.shell:Creating package script '/home/leialc/manchester2_ws/install/puzzlebot_ros/share/puzzlebot_ros/package.bash'
[1.777s] INFO:colcon.colcon_core.shell:Creating package script '/home/leialc/manchester2_ws/install/puzzlebot_ros/share/puzzlebot_ros/package.zsh'
[1.778s] Level 1:colcon.colcon_core.environment:create_file_with_runtime_dependencies(/home/leialc/manchester2_ws/install/puzzlebot_ros/share/colcon-core/packages/puzzlebot_ros)
[1.778s] DEBUG:colcon.colcon_parallel_executor.executor.parallel:closing loop
[1.778s] DEBUG:colcon.colcon_parallel_executor.executor.parallel:loop closed
[1.778s] DEBUG:colcon.colcon_parallel_executor.executor.parallel:run_until_complete finished with '0'
[1.778s] DEBUG:colcon.colcon_core.event_reactor:joining thread
[1.784s] INFO:colcon.colcon_core.plugin_system:Skipping extension 'colcon_notification.desktop_notification.terminal_notifier': Not used on non-Darwin systems
[1.784s] INFO:colcon.colcon_core.plugin_system:Skipping extension 'colcon_notification.desktop_notification.win32': Not used on non-Windows systems
[1.784s] INFO:colcon.colcon_notification.desktop_notification:Sending desktop notification using 'notify2'
[1.796s] DEBUG:colcon.colcon_core.event_reactor:joined thread
[1.796s] INFO:colcon.colcon_core.shell:Creating prefix script '/home/leialc/manchester2_ws/install/local_setup.ps1'
[1.797s] INFO:colcon.colcon_core.shell:Creating prefix util module '/home/leialc/manchester2_ws/install/_local_setup_util_ps1.py'
[1.799s] INFO:colcon.colcon_core.shell:Creating prefix chain script '/home/leialc/manchester2_ws/install/setup.ps1'
[1.800s] INFO:colcon.colcon_core.shell:Creating prefix script '/home/leialc/manchester2_ws/install/local_setup.sh'
[1.801s] INFO:colcon.colcon_core.shell:Creating prefix util module '/home/leialc/manchester2_ws/install/_local_setup_util_sh.py'
[1.801s] INFO:colcon.colcon_core.shell:Creating prefix chain script '/home/leialc/manchester2_ws/install/setup.sh'
[1.803s] INFO:colcon.colcon_core.shell:Creating prefix script '/home/leialc/manchester2_ws/install/local_setup.bash'
[1.804s] INFO:colcon.colcon_core.shell:Creating prefix chain script '/home/leialc/manchester2_ws/install/setup.bash'
[1.805s] INFO:colcon.colcon_core.shell:Creating prefix script '/home/leialc/manchester2_ws/install/local_setup.zsh'
[1.805s] INFO:colcon.colcon_core.shell:Creating prefix chain script '/home/leialc/manchester2_ws/install/setup.zsh'
