[0.557s] Invoking command in '/home/leialc/manchester2_ws/src/puzzlebot': PYTHONPATH=/home/leialc/manchester2_ws/build/puzzlebot/prefix_override:/usr/lib/python3/dist-packages/colcon_core/task/python/colcon_distutils_commands:/home/leialc/manchester2_ws/install/puzzlebot/lib/python3.10/site-packages:${PYTHONPATH} /usr/bin/python3 -W ignore:setup.py install is deprecated -W ignore:easy_install command is deprecated setup.py egg_info --egg-base ../../build/puzzlebot build --build-base /home/leialc/manchester2_ws/build/puzzlebot/build install --record /home/leialc/manchester2_ws/build/puzzlebot/install.log --single-version-externally-managed install_data
[0.753s] running egg_info
[0.753s] writing ../../build/puzzlebot/puzzlebot.egg-info/PKG-INFO
[0.754s] writing dependency_links to ../../build/puzzlebot/puzzlebot.egg-info/dependency_links.txt
[0.754s] writing entry points to ../../build/puzzlebot/puzzlebot.egg-info/entry_points.txt
[0.754s] writing requirements to ../../build/puzzlebot/puzzlebot.egg-info/requires.txt
[0.754s] writing top-level names to ../../build/puzzlebot/puzzlebot.egg-info/top_level.txt
[0.756s] reading manifest file '../../build/puzzlebot/puzzlebot.egg-info/SOURCES.txt'
[0.757s] writing manifest file '../../build/puzzlebot/puzzlebot.egg-info/SOURCES.txt'
[0.757s] running build
[0.757s] running build_py
[0.757s] copying puzzlebot/trayectory_2m.py -> /home/leialc/manchester2_ws/build/puzzlebot/build/lib/puzzlebot
[0.757s] running install
[0.758s] running install_lib
[0.758s] copying /home/leialc/manchester2_ws/build/puzzlebot/build/lib/puzzlebot/trayectory_2m.py -> /home/leialc/manchester2_ws/install/puzzlebot/lib/python3.10/site-packages/puzzlebot
[0.759s] byte-compiling /home/leialc/manchester2_ws/install/puzzlebot/lib/python3.10/site-packages/puzzlebot/trayectory_2m.py to trayectory_2m.cpython-310.pyc
[0.760s] running install_data
[0.761s] running install_egg_info
[0.763s] removing '/home/leialc/manchester2_ws/install/puzzlebot/lib/python3.10/site-packages/puzzlebot-0.0.0-py3.10.egg-info' (and everything under it)
[0.763s] Copying ../../build/puzzlebot/puzzlebot.egg-info to /home/leialc/manchester2_ws/install/puzzlebot/lib/python3.10/site-packages/puzzlebot-0.0.0-py3.10.egg-info
[0.764s] running install_scripts
[0.784s] Installing polygon_publisher script to /home/leialc/manchester2_ws/install/puzzlebot/lib/puzzlebot
[0.784s] Installing trayectory_2m script to /home/leialc/manchester2_ws/install/puzzlebot/lib/puzzlebot
[0.784s] Installing trayectory_try script to /home/leialc/manchester2_ws/install/puzzlebot/lib/puzzlebot
[0.784s] writing list of installed files to '/home/leialc/manchester2_ws/build/puzzlebot/install.log'
[0.803s] Invoked command in '/home/leialc/manchester2_ws/src/puzzlebot' returned '0': PYTHONPATH=/home/leialc/manchester2_ws/build/puzzlebot/prefix_override:/usr/lib/python3/dist-packages/colcon_core/task/python/colcon_distutils_commands:/home/leialc/manchester2_ws/install/puzzlebot/lib/python3.10/site-packages:${PYTHONPATH} /usr/bin/python3 -W ignore:setup.py install is deprecated -W ignore:easy_install command is deprecated setup.py egg_info --egg-base ../../build/puzzlebot build --build-base /home/leialc/manchester2_ws/build/puzzlebot/build install --record /home/leialc/manchester2_ws/build/puzzlebot/install.log --single-version-externally-managed install_data
