[0.993s] Invoking command in '/home/leialc/manchester2_ws/src/puzzlebot': PYTHONPATH=/home/leialc/manchester2_ws/build/puzzlebot/prefix_override:/usr/lib/python3/dist-packages/colcon_core/task/python/colcon_distutils_commands:/home/leialc/manchester2_ws/install/puzzlebot/lib/python3.10/site-packages:${PYTHONPATH} /usr/bin/python3 -W ignore:setup.py install is deprecated -W ignore:easy_install command is deprecated setup.py egg_info --egg-base ../../build/puzzlebot build --build-base /home/leialc/manchester2_ws/build/puzzlebot/build install --record /home/leialc/manchester2_ws/build/puzzlebot/install.log --single-version-externally-managed install_data
[1.347s] running egg_info
[1.348s] writing ../../build/puzzlebot/puzzlebot.egg-info/PKG-INFO
[1.348s] writing dependency_links to ../../build/puzzlebot/puzzlebot.egg-info/dependency_links.txt
[1.349s] writing entry points to ../../build/puzzlebot/puzzlebot.egg-info/entry_points.txt
[1.349s] writing requirements to ../../build/puzzlebot/puzzlebot.egg-info/requires.txt
[1.349s] writing top-level names to ../../build/puzzlebot/puzzlebot.egg-info/top_level.txt
[1.351s] reading manifest file '../../build/puzzlebot/puzzlebot.egg-info/SOURCES.txt'
[1.352s] writing manifest file '../../build/puzzlebot/puzzlebot.egg-info/SOURCES.txt'
[1.352s] running build
[1.352s] running build_py
[1.353s] copying puzzlebot/path_publisher.py -> /home/leialc/manchester2_ws/build/puzzlebot/build/lib/puzzlebot
[1.353s] running install
[1.353s] running install_lib
[1.355s] copying /home/leialc/manchester2_ws/build/puzzlebot/build/lib/puzzlebot/path_publisher.py -> /home/leialc/manchester2_ws/install/puzzlebot/lib/python3.10/site-packages/puzzlebot
[1.356s] byte-compiling /home/leialc/manchester2_ws/install/puzzlebot/lib/python3.10/site-packages/puzzlebot/path_publisher.py to path_publisher.cpython-310.pyc
[1.357s] running install_data
[1.357s] running install_egg_info
[1.363s] removing '/home/leialc/manchester2_ws/install/puzzlebot/lib/python3.10/site-packages/puzzlebot-0.0.0-py3.10.egg-info' (and everything under it)
[1.364s] Copying ../../build/puzzlebot/puzzlebot.egg-info to /home/leialc/manchester2_ws/install/puzzlebot/lib/python3.10/site-packages/puzzlebot-0.0.0-py3.10.egg-info
[1.365s] running install_scripts
[1.395s] Installing controller script to /home/leialc/manchester2_ws/install/puzzlebot/lib/puzzlebot
[1.395s] Installing path_publisher script to /home/leialc/manchester2_ws/install/puzzlebot/lib/puzzlebot
[1.395s] Installing path_subscriber script to /home/leialc/manchester2_ws/install/puzzlebot/lib/puzzlebot
[1.395s] Installing polygon_IMU script to /home/leialc/manchester2_ws/install/puzzlebot/lib/puzzlebot
[1.395s] Installing polygon_publisher script to /home/leialc/manchester2_ws/install/puzzlebot/lib/puzzlebot
[1.396s] Installing trayectory_2m script to /home/leialc/manchester2_ws/install/puzzlebot/lib/puzzlebot
[1.396s] Installing trayectory_try script to /home/leialc/manchester2_ws/install/puzzlebot/lib/puzzlebot
[1.396s] writing list of installed files to '/home/leialc/manchester2_ws/build/puzzlebot/install.log'
[1.438s] Invoked command in '/home/leialc/manchester2_ws/src/puzzlebot' returned '0': PYTHONPATH=/home/leialc/manchester2_ws/build/puzzlebot/prefix_override:/usr/lib/python3/dist-packages/colcon_core/task/python/colcon_distutils_commands:/home/leialc/manchester2_ws/install/puzzlebot/lib/python3.10/site-packages:${PYTHONPATH} /usr/bin/python3 -W ignore:setup.py install is deprecated -W ignore:easy_install command is deprecated setup.py egg_info --egg-base ../../build/puzzlebot build --build-base /home/leialc/manchester2_ws/build/puzzlebot/build install --record /home/leialc/manchester2_ws/build/puzzlebot/install.log --single-version-externally-managed install_data
